<?xml version="1.0" encoding="UTF-8" ?>
<testsuite 
errors="0" failures="0" hostname="kr1sTop" name="org.scalatest.junit.JUnitWrapperSuite" tests="0" time="0.046" timestamp="2020-05-03T15:39:26">
  <properties>
    <property name="java.runtime.name" value="OpenJDK Runtime Environment"/>
    <property 
    name="sun.boot.library.path" value="/usr/lib/jvm/java-8-openjdk-amd64/jre/lib/amd64">
</property>
    <property name="java.vm.version" value="25.242-b08"/>
    <property name="java.vm.vendor" value="Private Build"/>
    <property name="java.vendor.url" value="http://java.oracle.com/"/>
    <property name="path.separator" value=":"/>
    <property name="java.vm.name" value="OpenJDK 64-Bit Server VM"/>
    <property name="file.encoding.pkg" value="sun.io"/>
    <property name="sun.java.launcher" value="SUN_STANDARD"/>
    <property name="sun.os.patch.level" value="unknown"/>
    <property 
    name="java.vm.specification.name" value="Java Virtual Machine Specification">
</property>
    <property name="user.dir" value="/mnt/d/CS167/kdec001_lab5"/>
    <property 
    name="java.runtime.version" value="1.8.0_242-8u242-b08-0ubuntu3~18.04-b08">
</property>
    <property 
    name="java.awt.graphicsenv" value="sun.awt.X11GraphicsEnvironment">
</property>
    <property name="basedir" value="/mnt/d/CS167/kdec001_lab5"/>
    <property 
    name="java.endorsed.dirs" value="/usr/lib/jvm/java-8-openjdk-amd64/jre/lib/endorsed">
</property>
    <property name="os.arch" value="amd64"/>
    <property name="java.io.tmpdir" value="/tmp"/>
    <property name="line.separator" value=" "/>
    <property name="java.vm.specification.vendor" value="Oracle Corporation"/>
    <property name="os.name" value="Linux"/>
    <property name="sun.jnu.encoding" value="UTF-8"/>
    <property 
    name="java.library.path" value="/usr/java/packages/lib/amd64:/usr/lib/x86_64-linux-gnu/jni:/lib/x86_64-linux-gnu:/usr/lib/x86_64-linux-gnu:/usr/lib/jni:/lib:/usr/lib">
</property>
    <property 
    name="java.specification.name" value="Java Platform API Specification">
</property>
    <property name="java.class.version" value="52.0"/>
    <property 
    name="sun.management.compiler" value="HotSpot 64-Bit Tiered Compilers">
</property>
    <property name="os.version" value="4.4.0-18362-Microsoft"/>
    <property name="user.home" value="/home/okaykris"/>
    <property name="user.timezone" value=""/>
    <property name="java.awt.printerjob" value="sun.print.PSPrinterJob"/>
    <property name="file.encoding" value="UTF-8"/>
    <property name="java.specification.version" value="1.8"/>
    <property name="user.name" value="okaykris"/>
    <property 
    name="java.class.path" value="/mnt/d/CS167/kdec001_lab5/target/test-classes:/mnt/d/CS167/kdec001_lab5/target/classes:/home/okaykris/.m2/repository/org/scala-lang/scala-library/2.12.6/scala-library-2.12.6.jar:/home/okaykris/.m2/repository/junit/junit/4.12/junit-4.12.jar:/home/okaykris/.m2/repository/org/hamcrest/hamcrest-core/1.3/hamcrest-core-1.3.jar:/home/okaykris/.m2/repository/org/scalatest/scalatest_2.12/3.0.5/scalatest_2.12-3.0.5.jar:/home/okaykris/.m2/repository/org/scalactic/scalactic_2.12/3.0.5/scalactic_2.12-3.0.5.jar:/home/okaykris/.m2/repository/org/scala-lang/scala-reflect/2.12.4/scala-reflect-2.12.4.jar:/home/okaykris/.m2/repository/org/scala-lang/modules/scala-xml_2.12/1.0.6/scala-xml_2.12-1.0.6.jar:/home/okaykris/.m2/repository/org/specs2/specs2-core_2.12/4.2.0/specs2-core_2.12-4.2.0.jar:/home/okaykris/.m2/repository/org/specs2/specs2-matcher_2.12/4.2.0/specs2-matcher_2.12-4.2.0.jar:/home/okaykris/.m2/repository/org/specs2/specs2-common_2.12/4.2.0/specs2-common_2.12-4.2.0.jar:/home/okaykris/.m2/repository/org/specs2/specs2-fp_2.12/4.2.0/specs2-fp_2.12-4.2.0.jar:/home/okaykris/.m2/repository/org/scala-lang/modules/scala-parser-combinators_2.12/1.1.0/scala-parser-combinators_2.12-1.1.0.jar:/home/okaykris/.m2/repository/org/scala-sbt/test-interface/1.0/test-interface-1.0.jar:/home/okaykris/.m2/repository/org/specs2/specs2-junit_2.12/4.2.0/specs2-junit_2.12-4.2.0.jar">
</property>
    <property name="java.vm.specification.version" value="1.8"/>
    <property name="sun.arch.data.model" value="64"/>
    <property name="java.home" value="/usr/lib/jvm/java-8-openjdk-amd64/jre"/>
    <property 
    name="sun.java.command" value="org.scalatest.tools.Runner -R /mnt/d/CS167/kdec001_lab5/target/classes /mnt/d/CS167/kdec001_lab5/target/test-classes -j samples.AppTest -o -f /mnt/d/CS167/kdec001_lab5/target/surefire-reports/TestSuiteReport.txt -u /mnt/d/CS167/kdec001_lab5/target/surefire-reports/.">
</property>
    <property name="java.specification.vendor" value="Oracle Corporation"/>
    <property name="user.language" value="en"/>
    <property name="awt.toolkit" value="sun.awt.X11.XToolkit"/>
    <property name="java.vm.info" value="mixed mode"/>
    <property name="java.version" value="1.8.0_242"/>
    <property 
    name="java.ext.dirs" value="/usr/lib/jvm/java-8-openjdk-amd64/jre/lib/ext:/usr/java/packages/lib/ext">
</property>
    <property 
    name="sun.boot.class.path" value="/usr/lib/jvm/java-8-openjdk-amd64/jre/lib/resources.jar:/usr/lib/jvm/java-8-openjdk-amd64/jre/lib/rt.jar:/usr/lib/jvm/java-8-openjdk-amd64/jre/lib/sunrsasign.jar:/usr/lib/jvm/java-8-openjdk-amd64/jre/lib/jsse.jar:/usr/lib/jvm/java-8-openjdk-amd64/jre/lib/jce.jar:/usr/lib/jvm/java-8-openjdk-amd64/jre/lib/charsets.jar:/usr/lib/jvm/java-8-openjdk-amd64/jre/lib/jfr.jar:/usr/lib/jvm/java-8-openjdk-amd64/jre/classes">
</property>
    <property name="java.vendor" value="Private Build"/>
    <property name="file.separator" value="/"/>
    <property 
    name="java.vendor.url.bug" value="http://bugreport.sun.com/bugreport/">
</property>
    <property name="sun.cpu.endian" value="little"/>
    <property name="sun.io.unicode.encoding" value="UnicodeLittle"/>
    <property name="sun.cpu.isalist" value=""/>
  </properties>
  <system-out><![CDATA[]]></system-out>
  <system-err><![CDATA[]]></system-err>
</testsuite>
